<?xml version="1.0" encoding="UTF-8"?>
<testng-results ignored="0" total="1" passed="1" failed="0" skipped="0">
  <reporter-output>
  </reporter-output>
  <suite started-at="2021-03-06T10:05:34Z" name="Default suite" finished-at="2021-03-06T10:06:01Z" duration-ms="26316">
    <groups>
    </groups>
    <test started-at="2021-03-06T10:05:34Z" name="Default test" finished-at="2021-03-06T10:06:01Z" duration-ms="26316">
      <class name="tests.GamesRegistrationTest">
        <test-method is-config="true" signature="initialization()[pri:0, instance:tests.GamesRegistrationTest@16293aa2]" started-at="2021-03-06T10:05:31Z" name="initialization" finished-at="2021-03-06T10:05:34Z" duration-ms="2753" status="PASS">
          <reporter-output>
          </reporter-output>
        </test-method> <!-- initialization -->
        <test-method signature="searchForWebsitePassingTest()[pri:0, instance:tests.GamesRegistrationTest@16293aa2]" started-at="2021-03-06T10:05:35Z" name="searchForWebsitePassingTest" finished-at="2021-03-06T10:06:01Z" duration-ms="26031" status="PASS">
          <reporter-output>
          </reporter-output>
        </test-method> <!-- searchForWebsitePassingTest -->
        <test-method is-config="true" signature="tearDown()[pri:0, instance:tests.GamesRegistrationTest@16293aa2]" started-at="2021-03-06T10:06:01Z" name="tearDown" finished-at="2021-03-06T10:06:02Z" duration-ms="884" status="PASS">
          <reporter-output>
          </reporter-output>
        </test-method> <!-- tearDown -->
      </class> <!-- tests.GamesRegistrationTest -->
    </test> <!-- Default test -->
  </suite> <!-- Default suite -->
</testng-results>
