<?xml version="1.0" encoding="UTF-8"?>
<!-- Generated by org.testng.reporters.JUnitXMLReporter -->
<testsuite hostname="DESKTOP-G072IJM" ignored="0" name="RESTAPITest" tests="2" failures="1" timestamp="18 Aug 2019 17:12:13 GMT" time="26.798" errors="0">
  <testcase name="searchForWebsitePassingTest" time="3.476" classname="tests.GoogleSearchPassingTestClass"/>
  <testcase name="searchForWebsiteFailingTest" time="3.512" classname="tests.GoogleSearchFailingTestClass">
    <failure type="java.lang.AssertionError" message="expected [Selenium - Google] but found [Selenium - Google Search]">
      <![CDATA[java.lang.AssertionError: expected [Selenium - Google] but found [Selenium - Google Search]
at tests.GoogleSearchFailingTestClass.searchForWebsiteFailingTest(GoogleSearchFailingTestClass.java:16)
... Removed 31 stack frames]]>
    </failure>
  </testcase> <!-- searchForWebsiteFailingTest -->
</testsuite> <!-- RESTAPITest -->
